[17:03:48.435] [INFO   ] thread main starting.
[17:03:48.442] [SEVERE ] cannot read configuration file config.properties trying from resources.
[17:03:48.444] [SEVERE ] configuration file was loaded from resources directory.
[17:03:48.810] [INFO   ] thread dealer starting.
[17:03:48.811] [INFO   ] thread dealer starting.
[17:03:48.917] [SEVERE ] placing card 78 in slot 5
[17:03:49.028] [SEVERE ] placing card 39 in slot 0
[17:03:49.140] [SEVERE ] placing card 22 in slot 6
[17:03:49.252] [SEVERE ] placing card 80 in slot 7
[17:03:49.362] [SEVERE ] placing card 68 in slot 3
[17:03:49.473] [SEVERE ] placing card 9 in slot 2
[17:03:49.581] [SEVERE ] placing card 24 in slot 4
[17:03:49.690] [SEVERE ] placing card 28 in slot 10
[17:03:49.799] [SEVERE ] placing card 54 in slot 9
[17:03:49.909] [SEVERE ] placing card 45 in slot 11
[17:03:50.020] [SEVERE ] placing card 10 in slot 8
[17:03:50.130] [SEVERE ] placing card 72 in slot 1
[17:03:50.134] [INFO   ] thread dealer terminated.
[17:03:55.149] [SEVERE ] thanks for playing... it was fun!
[17:03:55.151] [INFO   ] thread main terminated.
[17:03:55.151] [SEVERE ] disposing of user interface elements
